<?xml version="1.0" encoding="UTF-8"?>
<!-- Generated by org.testng.reporters.JUnitXMLReporter -->
<testsuite ignored="0" hostname="DESKTOP-52RJ0DB" failures="0" tests="9" name="Default test" time="96.422" errors="0" timestamp="2024-01-13T23:18:31 IST">
  <testcase classname="Swag_Labs_TestNG.loginFunctionality" name="login" time="10.745"/>
  <testcase classname="Swag_Labs_TestNG.loginFunctionality" name="login" time="10.465"/>
  <testcase classname="Swag_Labs_TestNG.loginFunctionality" name="login" time="15.1"/>
  <testcase classname="Swag_Labs_TestNG.loginFunctionality" name="login" time="10.077"/>
  <testcase classname="Swag_Labs_TestNG.loginFunctionality" name="login" time="9.612"/>
  <testcase classname="Swag_Labs_TestNG.loginFunctionality" name="login" time="9.989"/>
  <testcase classname="Swag_Labs_TestNG.loginFunctionality" name="login" time="10.246"/>
  <testcase classname="Swag_Labs_TestNG.loginFunctionality" name="login" time="9.965"/>
  <testcase classname="Swag_Labs_TestNG.loginFunctionality" name="login" time="10.188"/>
</testsuite> <!-- Default test -->
