<?xml version="1.0" encoding="UTF-8"?>
<testng-results ignored="0" total="9" passed="9" failed="0" skipped="0">
  <reporter-output>
  </reporter-output>
  <suite started-at="2024-01-13T23:16:55 IST" name="Default suite" finished-at="2024-01-13T23:18:31 IST" duration-ms="96422">
    <groups>
    </groups>
    <test started-at="2024-01-13T23:16:55 IST" name="Default test" finished-at="2024-01-13T23:18:31 IST" duration-ms="96422">
      <class name="Swag_Labs_TestNG.loginFunctionality">
        <test-method signature="login(java.lang.String,java.lang.String)[pri:0, instance:Swag_Labs_TestNG.loginFunctionality@7c24b813]" started-at="2024-01-13T23:16:55 IST" name="login" data-provider="loginValues" finished-at="2024-01-13T23:17:05 IST" duration-ms="10745" status="PASS">
          <params>
            <param index="0">
              <value>
                <![CDATA[standard_user]]>
              </value>
            </param>
            <param index="1">
              <value>
                <![CDATA[secret_sauce]]>
              </value>
            </param>
          </params>
          <reporter-output>
          </reporter-output>
        </test-method> <!-- login -->
        <test-method signature="login(java.lang.String,java.lang.String)[pri:0, instance:Swag_Labs_TestNG.loginFunctionality@7c24b813]" started-at="2024-01-13T23:17:05 IST" name="login" data-provider="loginValues" finished-at="2024-01-13T23:17:16 IST" duration-ms="10465" status="PASS">
          <params>
            <param index="0">
              <value>
                <![CDATA[problem_user]]>
              </value>
            </param>
            <param index="1">
              <value>
                <![CDATA[secret_sauce]]>
              </value>
            </param>
          </params>
          <reporter-output>
          </reporter-output>
        </test-method> <!-- login -->
        <test-method signature="login(java.lang.String,java.lang.String)[pri:0, instance:Swag_Labs_TestNG.loginFunctionality@7c24b813]" started-at="2024-01-13T23:17:16 IST" name="login" data-provider="loginValues" finished-at="2024-01-13T23:17:31 IST" duration-ms="15100" status="PASS">
          <params>
            <param index="0">
              <value>
                <![CDATA[performance_glitch_user]]>
              </value>
            </param>
            <param index="1">
              <value>
                <![CDATA[secret_sauce]]>
              </value>
            </param>
          </params>
          <reporter-output>
          </reporter-output>
        </test-method> <!-- login -->
        <test-method signature="login(java.lang.String,java.lang.String)[pri:0, instance:Swag_Labs_TestNG.loginFunctionality@7c24b813]" started-at="2024-01-13T23:17:31 IST" name="login" data-provider="loginValues" finished-at="2024-01-13T23:17:41 IST" duration-ms="10077" status="PASS">
          <params>
            <param index="0">
              <value>
                <![CDATA[error_user]]>
              </value>
            </param>
            <param index="1">
              <value>
                <![CDATA[secret_sauce]]>
              </value>
            </param>
          </params>
          <reporter-output>
          </reporter-output>
        </test-method> <!-- login -->
        <test-method signature="login(java.lang.String,java.lang.String)[pri:0, instance:Swag_Labs_TestNG.loginFunctionality@7c24b813]" started-at="2024-01-13T23:17:41 IST" name="login" data-provider="loginValues" finished-at="2024-01-13T23:17:51 IST" duration-ms="9612" status="PASS">
          <params>
            <param index="0">
              <value>
                <![CDATA[visual_user]]>
              </value>
            </param>
            <param index="1">
              <value>
                <![CDATA[secret_sauce]]>
              </value>
            </param>
          </params>
          <reporter-output>
          </reporter-output>
        </test-method> <!-- login -->
        <test-method signature="login(java.lang.String,java.lang.String)[pri:0, instance:Swag_Labs_TestNG.loginFunctionality@7c24b813]" started-at="2024-01-13T23:17:51 IST" name="login" data-provider="loginValues" finished-at="2024-01-13T23:18:01 IST" duration-ms="9989" status="PASS">
          <params>
            <param index="0">
              <value>
                <![CDATA[locked_out_user]]>
              </value>
            </param>
            <param index="1">
              <value>
                <![CDATA[secret_sauce]]>
              </value>
            </param>
          </params>
          <reporter-output>
          </reporter-output>
        </test-method> <!-- login -->
        <test-method signature="login(java.lang.String,java.lang.String)[pri:0, instance:Swag_Labs_TestNG.loginFunctionality@7c24b813]" started-at="2024-01-13T23:18:01 IST" name="login" data-provider="loginValues" finished-at="2024-01-13T23:18:11 IST" duration-ms="10246" status="PASS">
          <params>
            <param index="0">
              <value>
                <![CDATA[smart_user]]>
              </value>
            </param>
            <param index="1">
              <value>
                <![CDATA[secret_sauce]]>
              </value>
            </param>
          </params>
          <reporter-output>
          </reporter-output>
        </test-method> <!-- login -->
        <test-method signature="login(java.lang.String,java.lang.String)[pri:0, instance:Swag_Labs_TestNG.loginFunctionality@7c24b813]" started-at="2024-01-13T23:18:11 IST" name="login" data-provider="loginValues" finished-at="2024-01-13T23:18:21 IST" duration-ms="9965" status="PASS">
          <params>
            <param index="0">
              <value>
                <![CDATA[standard_user ]]>
              </value>
            </param>
            <param index="1">
              <value>
                <![CDATA[secret_passwd]]>
              </value>
            </param>
          </params>
          <reporter-output>
          </reporter-output>
        </test-method> <!-- login -->
        <test-method signature="login(java.lang.String,java.lang.String)[pri:0, instance:Swag_Labs_TestNG.loginFunctionality@7c24b813]" started-at="2024-01-13T23:18:21 IST" name="login" data-provider="loginValues" finished-at="2024-01-13T23:18:31 IST" duration-ms="10188" status="PASS">
          <params>
            <param index="0">
              <value>
                <![CDATA[ ]]>
              </value>
            </param>
            <param index="1">
              <value>
                <![CDATA[ ]]>
              </value>
            </param>
          </params>
          <reporter-output>
          </reporter-output>
        </test-method> <!-- login -->
      </class> <!-- Swag_Labs_TestNG.loginFunctionality -->
    </test> <!-- Default test -->
  </suite> <!-- Default suite -->
</testng-results>
